<?xml version="1.0" encoding="UTF-8"?>
<!-- Generated by org.testng.reporters.JUnitXMLReporter -->
<testsuite hostname="SVRODK00184" ignored="0" name="BDDTestFrameworkTestingWebComponent" tests="1" failures="0" timestamp="2018-12-03T11:09:56 EET" time="11.846" errors="0">
  <testcase name="@AfterClass writeExtentReport" time="0.0" classname="runner.TestRunner">
    <failure type="java.lang.NoSuchMethodError" message="com.aventstack.extentreports.reporter.ExtentHtmlReporter.loadXMLConfig(Ljava/io/File;)V">
      <![CDATA[java.lang.NoSuchMethodError: com.aventstack.extentreports.reporter.ExtentHtmlReporter.loadXMLConfig(Ljava/io/File;)V
at com.vimalselvam.cucumber.listener.Reporter.loadXMLConfig(Reporter.java:66)
at runner.TestRunner.writeExtentReport(TestRunner.java:17)
... Removed 30 stack frames]]>
    </failure>
  </testcase> <!-- @AfterClass writeExtentReport -->
  <testcase name="feature" time="11.425" classname="cucumber.api.testng.AbstractTestNGCucumberTests"/>
</testsuite> <!-- BDDTestFrameworkTestingWebComponent -->
