-------------------------------------------------------------------------------
Test set: TestSuite
-------------------------------------------------------------------------------
Tests run: 2, Failures: 1, Errors: 0, Skipped: 0, Time elapsed: 12.235 s <<< FAILURE! - in TestSuite
writeExtentReport(runner.TestRunner)  Time elapsed: 11.44 s  <<< FAILURE!
java.lang.NoSuchMethodError: com.aventstack.extentreports.reporter.ExtentHtmlReporter.loadXMLConfig(Ljava/io/File;)V
	at runner.TestRunner.writeExtentReport(TestRunner.java:17)

