<?xml version="1.0" encoding="UTF-8"?>
<testng-results skipped="0" failed="0" ignored="0" total="1" passed="1">
  <reporter-output>
  </reporter-output>
  <suite name="Surefire suite" duration-ms="25767" started-at="2018-12-19T10:58:07 EET" finished-at="2018-12-19T10:58:33 EET">
    <groups>
      <group name="cucumber">
        <method signature="AbstractTestNGCucumberTests.feature(cucumber.api.testng.CucumberFeatureWrapper)[pri:0, instance:Sortbyavailability01IT@57536d79]" name="feature" class="cucumber.api.testng.AbstractTestNGCucumberTests"/>
      </group> <!-- cucumber -->
    </groups>
    <test name="Surefire test" duration-ms="25767" started-at="2018-12-19T10:58:07 EET" finished-at="2018-12-19T10:58:33 EET">
      <class name="Sortbyavailability01IT">
        <test-method status="PASS" signature="setUpClass()[pri:0, instance:Sortbyavailability01IT@57536d79]" name="setUpClass" is-config="true" duration-ms="224" started-at="2018-12-19T10:58:07 EET" finished-at="2018-12-19T10:58:07 EET">
          <reporter-output>
          </reporter-output>
        </test-method> <!-- setUpClass -->
        <test-method status="PASS" signature="feature(cucumber.api.testng.CucumberFeatureWrapper)[pri:0, instance:Sortbyavailability01IT@57536d79]" name="feature" duration-ms="25484" started-at="2018-12-19T10:58:07 EET" description="Runs Cucumber Feature" data-provider="features" finished-at="2018-12-19T10:58:33 EET">
          <params>
            <param index="0">
              <value>
                <![CDATA[Order by availability]]>
              </value>
            </param>
          </params>
          <reporter-output>
          </reporter-output>
        </test-method> <!-- feature -->
        <test-method status="PASS" signature="tearDownClass()[pri:0, instance:Sortbyavailability01IT@57536d79]" name="tearDownClass" is-config="true" duration-ms="0" started-at="2018-12-19T10:58:33 EET" finished-at="2018-12-19T10:58:33 EET">
          <reporter-output>
          </reporter-output>
        </test-method> <!-- tearDownClass -->
      </class> <!-- Sortbyavailability01IT -->
    </test> <!-- Surefire test -->
  </suite> <!-- Surefire suite -->
</testng-results>
