<?xml version="1.0" encoding="UTF-8"?>
<!-- Generated by org.testng.reporters.JUnitReportReporter -->
<testsuite skipped="0" hostname="SVRODK00184" name="Parallel02IT" tests="1" failures="0" timestamp="2018-12-05T17:54:03 EET" time="42.405" errors="1">
  <testcase name="feature" time="42.405" classname="Parallel02IT">
    <error type="cucumber.runtime.CucumberException" message="java.lang.AssertionError: did not expect to find [true] but found [false]">
      <![CDATA[cucumber.runtime.CucumberException: java.lang.AssertionError: did not expect to find [true] but found [false]
at cucumber.api.testng.TestNGCucumberRunner.runCucumber(TestNGCucumberRunner.java:69)
at cucumber.api.testng.AbstractTestNGCucumberTests.feature(AbstractTestNGCucumberTests.java:21)
at sun.reflect.NativeMethodAccessorImpl.invoke0(Native Method)
at sun.reflect.NativeMethodAccessorImpl.invoke(NativeMethodAccessorImpl.java:62)
at sun.reflect.DelegatingMethodAccessorImpl.invoke(DelegatingMethodAccessorImpl.java:43)
at java.lang.reflect.Method.invoke(Method.java:498)
at org.testng.internal.MethodInvocationHelper.invokeMethod(MethodInvocationHelper.java:131)
at org.testng.internal.Invoker.invokeMethod(Invoker.java:658)
at org.testng.internal.Invoker.invokeTestMethod(Invoker.java:792)
at org.testng.internal.Invoker.invokeTestMethods(Invoker.java:1103)
at org.testng.internal.TestMethodWorker.invokeTestMethods(TestMethodWorker.java:140)
at org.testng.internal.TestMethodWorker.run(TestMethodWorker.java:122)
at org.testng.TestRunner.privateRun(TestRunner.java:739)
at org.testng.TestRunner.run(TestRunner.java:589)
at org.testng.SuiteRunner.runTest(SuiteRunner.java:398)
at org.testng.SuiteRunner.runSequentially(SuiteRunner.java:392)
at org.testng.SuiteRunner.privateRun(SuiteRunner.java:354)
at org.testng.SuiteRunner.run(SuiteRunner.java:302)
at org.testng.SuiteRunnerWorker.runSuite(SuiteRunnerWorker.java:53)
at org.testng.SuiteRunnerWorker.run(SuiteRunnerWorker.java:96)
at org.testng.TestNG.runSuitesSequentially(TestNG.java:1145)
at org.testng.TestNG.runSuitesLocally(TestNG.java:1067)
at org.testng.TestNG.runSuites(TestNG.java:997)
at org.testng.TestNG.run(TestNG.java:965)
at org.apache.maven.surefire.testng.TestNGExecutor.run(TestNGExecutor.java:135)
at org.apache.maven.surefire.testng.TestNGDirectoryTestSuite.executeSingleClass(TestNGDirectoryTestSuite.java:112)
at org.apache.maven.surefire.testng.TestNGDirectoryTestSuite.executeLazy(TestNGDirectoryTestSuite.java:123)
at org.apache.maven.surefire.testng.TestNGDirectoryTestSuite.execute(TestNGDirectoryTestSuite.java:90)
at org.apache.maven.surefire.testng.TestNGProvider.invoke(TestNGProvider.java:146)
at org.apache.maven.surefire.booter.ForkedBooter.invokeProviderInSameClassLoader(ForkedBooter.java:373)
at org.apache.maven.surefire.booter.ForkedBooter.runSuitesInProcess(ForkedBooter.java:334)
at org.apache.maven.surefire.booter.ForkedBooter.execute(ForkedBooter.java:119)
at org.apache.maven.surefire.booter.ForkedBooter.main(ForkedBooter.java:407)
Caused by: java.lang.AssertionError: did not expect to find [true] but found [false]
at org.testng.Assert.fail(Assert.java:97)
at org.testng.Assert.failNotEquals(Assert.java:969)
at org.testng.Assert.assertTrue(Assert.java:43)
at org.testng.Assert.assertTrue(Assert.java:53)
at stepDefinitions.SearchStepDef.a_page_with_expected_product_is_displayed(SearchStepDef.java:52)
at ✽.Then a page with Telefon is displayed(D:/workspace/BDD Test Framework/src/main/java/features/Search.feature:15)
]]>
    </error>
  </testcase> <!-- feature -->
</testsuite> <!-- Parallel02IT -->
